<?xml version="1.0" encoding="UTF-8"?>
<testng-results skipped="0" failed="0" ignored="0" total="2" passed="2">
  <reporter-output>
  </reporter-output>
  <suite name="Surefire suite" duration-ms="12789" started-at="2022-02-22T09:49:12 IST" finished-at="2022-02-22T09:49:25 IST">
    <groups>
    </groups>
    <test name="Surefire test" duration-ms="12789" started-at="2022-02-22T09:49:12 IST" finished-at="2022-02-22T09:49:25 IST">
      <class name="org.tcs.DemoTest">
        <test-method status="PASS" signature="setUp()[pri:0, instance:org.tcs.DemoTest@4b553d26]" name="setUp" is-config="true" duration-ms="2407" started-at="2022-02-22T09:49:12 IST" finished-at="2022-02-22T09:49:15 IST">
          <reporter-output>
          </reporter-output>
        </test-method> <!-- setUp -->
        <test-method status="PASS" signature="flightTest(java.util.HashMap)[pri:0, instance:org.tcs.DemoTest@4b553d26]" name="flightTest" duration-ms="5691" started-at="2022-02-22T09:49:15 IST" data-provider="getData" finished-at="2022-02-22T09:49:21 IST">
          <params>
            <param index="0">
              <value>
                <![CDATA[{destination=HYD, destination2=DEL, origin=MAA}]]>
              </value>
            </param>
          </params>
          <reporter-output>
          </reporter-output>
        </test-method> <!-- flightTest -->
        <test-method status="PASS" signature="flightTest(java.util.HashMap)[pri:0, instance:org.tcs.DemoTest@4b553d26]" name="flightTest" duration-ms="3731" started-at="2022-02-22T09:49:21 IST" data-provider="getData" finished-at="2022-02-22T09:49:25 IST">
          <params>
            <param index="0">
              <value>
                <![CDATA[{destination=HYD, destination2=MAA, origin=DEL}]]>
              </value>
            </param>
          </params>
          <reporter-output>
          </reporter-output>
        </test-method> <!-- flightTest -->
        <test-method status="PASS" signature="tearDown()[pri:0, instance:org.tcs.DemoTest@4b553d26]" name="tearDown" is-config="true" duration-ms="618" started-at="2022-02-22T09:49:25 IST" finished-at="2022-02-22T09:49:25 IST">
          <reporter-output>
          </reporter-output>
        </test-method> <!-- tearDown -->
      </class> <!-- org.tcs.DemoTest -->
    </test> <!-- Surefire test -->
  </suite> <!-- Surefire suite -->
</testng-results>
